2024-10-04 18:29:06.321+0000 INFO  Logging config in use: File '/var/lib/neo4j/conf/user-logs.xml'
2024-10-04 18:29:06.330+0000 INFO  Starting...
2024-10-04 18:29:06.863+0000 INFO  This instance is ServerId{8af5f307} (8af5f307-c4e2-4185-8d61-610ca1178b9b)
2024-10-04 18:29:07.452+0000 INFO  ======== Neo4j 5.24.1 ========
2024-10-04 18:29:08.401+0000 INFO  Anonymous Usage Data is being sent to Neo4j, see https://neo4j.com/docs/usage-data/
2024-10-04 18:29:08.423+0000 INFO  Bolt enabled on 0.0.0.0:7687.
2024-10-04 18:29:08.736+0000 INFO  HTTP enabled on 0.0.0.0:7474.
2024-10-04 18:29:08.737+0000 INFO  Remote interface available at http://localhost:7474/
2024-10-04 18:29:08.739+0000 INFO  id: F9783EB41599644015043024AD2E6122BD2EC867EDF5D9208A79D1DF3343D420
2024-10-04 18:29:08.739+0000 INFO  name: system
2024-10-04 18:29:08.740+0000 INFO  creationDate: 2024-10-04T18:28:07.427Z
2024-10-04 18:29:08.740+0000 INFO  Started.
2024-10-04 18:29:48.417+0000 INFO  Neo4j Server shutdown initiated by request
2024-10-04 18:29:48.418+0000 INFO  Stopping...
2024-10-04 19:46:08.804+0000 INFO  Logging config in use: File '/var/lib/neo4j/conf/user-logs.xml'
2024-10-04 19:46:08.813+0000 INFO  Starting...
2024-10-04 19:46:09.362+0000 INFO  This instance is ServerId{60e0e6d5} (60e0e6d5-c4c5-4961-81c5-73c30306d7f0)
2024-10-04 19:46:09.933+0000 INFO  ======== Neo4j 5.24.1 ========
2024-10-04 19:46:11.423+0000 INFO  Anonymous Usage Data is being sent to Neo4j, see https://neo4j.com/docs/usage-data/
2024-10-04 19:46:11.450+0000 INFO  Bolt enabled on 0.0.0.0:7687.
2024-10-04 19:46:11.833+0000 INFO  HTTP enabled on 0.0.0.0:7474.
2024-10-04 19:46:11.834+0000 INFO  Remote interface available at http://localhost:7474/
2024-10-04 19:46:11.837+0000 INFO  id: DE10E6C6327B4C0CDCDDF72B85876ED5B7E7366662940978D1B3CB78632E54BE
2024-10-04 19:46:11.837+0000 INFO  name: system
2024-10-04 19:46:11.839+0000 INFO  creationDate: 2024-10-04T19:46:10.718Z
2024-10-04 19:46:11.839+0000 INFO  Started.
2024-10-04 19:47:06.221+0000 INFO  Neo4j Server shutdown initiated by request
2024-10-04 19:47:06.222+0000 INFO  Stopping...
2024-10-04 19:47:27.180+0000 INFO  Logging config in use: File '/var/lib/neo4j/conf/user-logs.xml'
2024-10-04 19:47:27.189+0000 INFO  Starting...
2024-10-04 19:47:27.687+0000 INFO  This instance is ServerId{60e0e6d5} (60e0e6d5-c4c5-4961-81c5-73c30306d7f0)
2024-10-04 19:47:28.242+0000 INFO  ======== Neo4j 5.24.1 ========
2024-10-04 19:47:29.217+0000 INFO  Anonymous Usage Data is being sent to Neo4j, see https://neo4j.com/docs/usage-data/
2024-10-04 19:47:29.239+0000 INFO  Bolt enabled on 0.0.0.0:7687.
2024-10-04 19:47:29.555+0000 INFO  HTTP enabled on 0.0.0.0:7474.
2024-10-04 19:47:29.556+0000 INFO  Remote interface available at http://localhost:7474/
2024-10-04 19:47:29.558+0000 INFO  id: DE10E6C6327B4C0CDCDDF72B85876ED5B7E7366662940978D1B3CB78632E54BE
2024-10-04 19:47:29.558+0000 INFO  name: system
2024-10-04 19:47:29.559+0000 INFO  creationDate: 2024-10-04T19:46:10.718Z
2024-10-04 19:47:29.559+0000 INFO  Started.
2024-10-04 20:01:26.438+0000 INFO  Neo4j Server shutdown initiated by request
2024-10-04 20:01:26.440+0000 INFO  Stopping...
2024-10-04 20:01:39.314+0000 INFO  Logging config in use: File '/var/lib/neo4j/conf/user-logs.xml'
2024-10-04 20:01:39.324+0000 INFO  Starting...
2024-10-04 20:01:39.854+0000 INFO  This instance is ServerId{60e0e6d5} (60e0e6d5-c4c5-4961-81c5-73c30306d7f0)
2024-10-04 20:01:40.496+0000 INFO  ======== Neo4j 5.24.1 ========
2024-10-04 20:01:41.475+0000 INFO  Anonymous Usage Data is being sent to Neo4j, see https://neo4j.com/docs/usage-data/
2024-10-04 20:01:41.560+0000 INFO  Bolt enabled on 0.0.0.0:7687.
2024-10-04 20:01:41.904+0000 INFO  HTTP enabled on 0.0.0.0:7474.
2024-10-04 20:01:41.905+0000 INFO  Remote interface available at http://localhost:7474/
2024-10-04 20:01:41.907+0000 INFO  id: DE10E6C6327B4C0CDCDDF72B85876ED5B7E7366662940978D1B3CB78632E54BE
2024-10-04 20:01:41.907+0000 INFO  name: system
2024-10-04 20:01:41.907+0000 INFO  creationDate: 2024-10-04T19:46:10.718Z
2024-10-04 20:01:41.908+0000 INFO  Started.
2024-10-04 20:15:25.077+0000 INFO  Neo4j Server shutdown initiated by request
2024-10-04 20:15:25.078+0000 INFO  Stopping...
2024-10-04 20:15:44.546+0000 INFO  Logging config in use: File '/var/lib/neo4j/conf/user-logs.xml'
2024-10-04 20:15:44.554+0000 INFO  Starting...
2024-10-04 20:15:45.091+0000 INFO  This instance is ServerId{60e0e6d5} (60e0e6d5-c4c5-4961-81c5-73c30306d7f0)
2024-10-04 20:15:45.739+0000 INFO  ======== Neo4j 5.24.1 ========
2024-10-04 20:15:46.797+0000 INFO  Anonymous Usage Data is being sent to Neo4j, see https://neo4j.com/docs/usage-data/
2024-10-04 20:15:46.824+0000 INFO  Bolt enabled on 0.0.0.0:7687.
2024-10-04 20:15:47.281+0000 INFO  HTTP enabled on 0.0.0.0:7474.
2024-10-04 20:15:47.282+0000 INFO  Remote interface available at http://localhost:7474/
2024-10-04 20:15:47.285+0000 INFO  id: DE10E6C6327B4C0CDCDDF72B85876ED5B7E7366662940978D1B3CB78632E54BE
2024-10-04 20:15:47.286+0000 INFO  name: system
2024-10-04 20:15:47.287+0000 INFO  creationDate: 2024-10-04T19:46:10.718Z
2024-10-04 20:15:47.288+0000 INFO  Started.
2024-10-04 20:29:54.006+0000 INFO  Neo4j Server shutdown initiated by request
2024-10-04 20:29:54.008+0000 INFO  Stopping...
2024-10-04 20:34:48.138+0000 INFO  Logging config in use: File '/var/lib/neo4j/conf/user-logs.xml'
2024-10-04 20:34:48.148+0000 INFO  Starting...
2024-10-04 20:34:48.654+0000 INFO  This instance is ServerId{60e0e6d5} (60e0e6d5-c4c5-4961-81c5-73c30306d7f0)
2024-10-04 20:34:49.234+0000 INFO  ======== Neo4j 5.24.1 ========
2024-10-04 20:34:50.214+0000 INFO  Anonymous Usage Data is being sent to Neo4j, see https://neo4j.com/docs/usage-data/
2024-10-04 20:34:50.299+0000 INFO  Bolt enabled on 0.0.0.0:7687.
2024-10-04 20:34:50.633+0000 INFO  HTTP enabled on 0.0.0.0:7474.
2024-10-04 20:34:50.634+0000 INFO  Remote interface available at http://localhost:7474/
2024-10-04 20:34:50.636+0000 INFO  id: DE10E6C6327B4C0CDCDDF72B85876ED5B7E7366662940978D1B3CB78632E54BE
2024-10-04 20:34:50.636+0000 INFO  name: system
2024-10-04 20:34:50.637+0000 INFO  creationDate: 2024-10-04T19:46:10.718Z
2024-10-04 20:34:50.637+0000 INFO  Started.
2024-10-04 20:35:34.685+0000 INFO  Neo4j Server shutdown initiated by request
2024-10-04 20:35:34.686+0000 INFO  Stopping...
2024-10-04 20:35:56.970+0000 INFO  Logging config in use: File '/var/lib/neo4j/conf/user-logs.xml'
2024-10-04 20:35:56.980+0000 INFO  Starting...
2024-10-04 20:35:57.509+0000 INFO  This instance is ServerId{60e0e6d5} (60e0e6d5-c4c5-4961-81c5-73c30306d7f0)
2024-10-04 20:35:58.130+0000 INFO  ======== Neo4j 5.24.1 ========
2024-10-04 20:35:59.084+0000 INFO  Anonymous Usage Data is being sent to Neo4j, see https://neo4j.com/docs/usage-data/
2024-10-04 20:35:59.106+0000 INFO  Bolt enabled on 0.0.0.0:7687.
2024-10-04 20:35:59.448+0000 INFO  HTTP enabled on 0.0.0.0:7474.
2024-10-04 20:35:59.449+0000 INFO  Remote interface available at http://localhost:7474/
2024-10-04 20:35:59.450+0000 INFO  id: DE10E6C6327B4C0CDCDDF72B85876ED5B7E7366662940978D1B3CB78632E54BE
2024-10-04 20:35:59.451+0000 INFO  name: system
2024-10-04 20:35:59.451+0000 INFO  creationDate: 2024-10-04T19:46:10.718Z
2024-10-04 20:35:59.452+0000 INFO  Started.
2024-10-04 20:39:47.551+0000 INFO  Neo4j Server shutdown initiated by request
2024-10-04 20:39:47.553+0000 INFO  Stopping...
2024-10-04 20:40:06.185+0000 INFO  Logging config in use: File '/var/lib/neo4j/conf/user-logs.xml'
2024-10-04 20:40:06.192+0000 INFO  Starting...
2024-10-04 20:40:06.706+0000 INFO  This instance is ServerId{60e0e6d5} (60e0e6d5-c4c5-4961-81c5-73c30306d7f0)
2024-10-04 20:40:07.293+0000 INFO  ======== Neo4j 5.24.1 ========
2024-10-04 20:40:08.294+0000 INFO  Anonymous Usage Data is being sent to Neo4j, see https://neo4j.com/docs/usage-data/
2024-10-04 20:40:08.315+0000 INFO  Bolt enabled on 0.0.0.0:7687.
2024-10-04 20:40:08.641+0000 INFO  HTTP enabled on 0.0.0.0:7474.
2024-10-04 20:40:08.641+0000 INFO  Remote interface available at http://localhost:7474/
2024-10-04 20:40:08.643+0000 INFO  id: DE10E6C6327B4C0CDCDDF72B85876ED5B7E7366662940978D1B3CB78632E54BE
2024-10-04 20:40:08.643+0000 INFO  name: system
2024-10-04 20:40:08.644+0000 INFO  creationDate: 2024-10-04T19:46:10.718Z
2024-10-04 20:40:08.644+0000 INFO  Started.
2024-10-04 20:41:49.967+0000 INFO  Neo4j Server shutdown initiated by request
2024-10-04 20:41:49.969+0000 INFO  Stopping...
2024-10-04 20:42:06.121+0000 INFO  Logging config in use: File '/var/lib/neo4j/conf/user-logs.xml'
2024-10-04 20:42:06.129+0000 INFO  Starting...
2024-10-04 20:42:06.632+0000 INFO  This instance is ServerId{60e0e6d5} (60e0e6d5-c4c5-4961-81c5-73c30306d7f0)
2024-10-04 20:42:07.218+0000 INFO  ======== Neo4j 5.24.1 ========
2024-10-04 20:42:08.186+0000 INFO  Anonymous Usage Data is being sent to Neo4j, see https://neo4j.com/docs/usage-data/
2024-10-04 20:42:08.209+0000 INFO  Bolt enabled on 0.0.0.0:7687.
2024-10-04 20:42:08.526+0000 INFO  HTTP enabled on 0.0.0.0:7474.
2024-10-04 20:42:08.527+0000 INFO  Remote interface available at http://localhost:7474/
2024-10-04 20:42:08.529+0000 INFO  id: DE10E6C6327B4C0CDCDDF72B85876ED5B7E7366662940978D1B3CB78632E54BE
2024-10-04 20:42:08.529+0000 INFO  name: system
2024-10-04 20:42:08.530+0000 INFO  creationDate: 2024-10-04T19:46:10.718Z
2024-10-04 20:42:08.530+0000 INFO  Started.
2024-10-04 20:42:30.732+0000 INFO  Neo4j Server shutdown initiated by request
2024-10-04 20:42:30.732+0000 INFO  Stopping...
2024-10-04 20:43:09.471+0000 INFO  Logging config in use: File '/var/lib/neo4j/conf/user-logs.xml'
2024-10-04 20:43:09.486+0000 INFO  Starting...
2024-10-04 20:43:10.013+0000 INFO  This instance is ServerId{60e0e6d5} (60e0e6d5-c4c5-4961-81c5-73c30306d7f0)
2024-10-04 20:43:10.607+0000 INFO  ======== Neo4j 5.24.1 ========
2024-10-04 20:43:11.699+0000 INFO  Anonymous Usage Data is being sent to Neo4j, see https://neo4j.com/docs/usage-data/
2024-10-04 20:43:11.728+0000 INFO  Bolt enabled on 0.0.0.0:7687.
2024-10-04 20:43:12.310+0000 INFO  HTTP enabled on 0.0.0.0:7474.
2024-10-04 20:43:12.312+0000 INFO  Remote interface available at http://localhost:7474/
2024-10-04 20:43:12.323+0000 INFO  id: DE10E6C6327B4C0CDCDDF72B85876ED5B7E7366662940978D1B3CB78632E54BE
2024-10-04 20:43:12.324+0000 INFO  name: system
2024-10-04 20:43:12.325+0000 INFO  creationDate: 2024-10-04T19:46:10.718Z
2024-10-04 20:43:12.327+0000 INFO  Started.
2024-10-04 20:44:47.661+0000 INFO  Neo4j Server shutdown initiated by request
2024-10-04 20:44:47.662+0000 INFO  Stopping...
2024-10-04 20:48:34.236+0000 INFO  Logging config in use: File '/var/lib/neo4j/conf/user-logs.xml'
2024-10-04 20:48:34.247+0000 INFO  Starting...
2024-10-04 20:48:34.747+0000 INFO  This instance is ServerId{60e0e6d5} (60e0e6d5-c4c5-4961-81c5-73c30306d7f0)
2024-10-04 20:48:35.343+0000 INFO  ======== Neo4j 5.24.1 ========
2024-10-04 20:48:36.290+0000 INFO  Anonymous Usage Data is being sent to Neo4j, see https://neo4j.com/docs/usage-data/
2024-10-04 20:48:36.312+0000 INFO  Bolt enabled on 0.0.0.0:7687.
2024-10-04 20:48:36.656+0000 INFO  HTTP enabled on 0.0.0.0:7474.
2024-10-04 20:48:36.657+0000 INFO  Remote interface available at http://localhost:7474/
2024-10-04 20:48:36.659+0000 INFO  id: DE10E6C6327B4C0CDCDDF72B85876ED5B7E7366662940978D1B3CB78632E54BE
2024-10-04 20:48:36.659+0000 INFO  name: system
2024-10-04 20:48:36.660+0000 INFO  creationDate: 2024-10-04T19:46:10.718Z
2024-10-04 20:48:36.660+0000 INFO  Started.
2024-10-04 20:51:33.612+0000 INFO  Neo4j Server shutdown initiated by request
2024-10-04 20:51:33.613+0000 INFO  Stopping...
2024-10-04 20:51:54.084+0000 INFO  Logging config in use: File '/var/lib/neo4j/conf/user-logs.xml'
2024-10-04 20:51:54.093+0000 INFO  Starting...
2024-10-04 20:51:54.632+0000 INFO  This instance is ServerId{60e0e6d5} (60e0e6d5-c4c5-4961-81c5-73c30306d7f0)
2024-10-04 20:51:55.264+0000 INFO  ======== Neo4j 5.24.1 ========
2024-10-04 20:51:56.360+0000 INFO  Anonymous Usage Data is being sent to Neo4j, see https://neo4j.com/docs/usage-data/
2024-10-04 20:51:56.388+0000 INFO  Bolt enabled on 0.0.0.0:7687.
2024-10-04 20:51:56.726+0000 INFO  HTTP enabled on 0.0.0.0:7474.
2024-10-04 20:51:56.727+0000 INFO  Remote interface available at http://localhost:7474/
2024-10-04 20:51:56.729+0000 INFO  id: DE10E6C6327B4C0CDCDDF72B85876ED5B7E7366662940978D1B3CB78632E54BE
2024-10-04 20:51:56.729+0000 INFO  name: system
2024-10-04 20:51:56.730+0000 INFO  creationDate: 2024-10-04T19:46:10.718Z
2024-10-04 20:51:56.730+0000 INFO  Started.
2024-10-04 20:53:24.271+0000 INFO  Neo4j Server shutdown initiated by request
2024-10-04 20:53:24.275+0000 INFO  Stopping...
2024-10-04 20:53:46.772+0000 INFO  Logging config in use: File '/var/lib/neo4j/conf/user-logs.xml'
2024-10-04 20:53:46.781+0000 INFO  Starting...
2024-10-04 20:53:47.297+0000 INFO  This instance is ServerId{60e0e6d5} (60e0e6d5-c4c5-4961-81c5-73c30306d7f0)
2024-10-04 20:53:47.975+0000 INFO  ======== Neo4j 5.24.1 ========
2024-10-04 20:53:48.965+0000 INFO  Anonymous Usage Data is being sent to Neo4j, see https://neo4j.com/docs/usage-data/
2024-10-04 20:53:48.988+0000 INFO  Bolt enabled on 0.0.0.0:7687.
2024-10-04 20:53:49.310+0000 INFO  HTTP enabled on 0.0.0.0:7474.
2024-10-04 20:53:49.310+0000 INFO  Remote interface available at http://localhost:7474/
2024-10-04 20:53:49.313+0000 INFO  id: DE10E6C6327B4C0CDCDDF72B85876ED5B7E7366662940978D1B3CB78632E54BE
2024-10-04 20:53:49.313+0000 INFO  name: system
2024-10-04 20:53:49.313+0000 INFO  creationDate: 2024-10-04T19:46:10.718Z
2024-10-04 20:53:49.314+0000 INFO  Started.
2024-10-04 20:55:36.322+0000 INFO  Neo4j Server shutdown initiated by request
2024-10-04 20:55:36.326+0000 INFO  Stopping...
2024-10-04 20:55:52.230+0000 INFO  Logging config in use: File '/var/lib/neo4j/conf/user-logs.xml'
2024-10-04 20:55:52.245+0000 INFO  Starting...
2024-10-04 20:55:52.772+0000 INFO  This instance is ServerId{60e0e6d5} (60e0e6d5-c4c5-4961-81c5-73c30306d7f0)
2024-10-04 20:55:53.351+0000 INFO  ======== Neo4j 5.24.1 ========
2024-10-04 20:55:54.311+0000 INFO  Anonymous Usage Data is being sent to Neo4j, see https://neo4j.com/docs/usage-data/
2024-10-04 20:55:54.334+0000 INFO  Bolt enabled on 0.0.0.0:7687.
2024-10-04 20:55:54.651+0000 INFO  HTTP enabled on 0.0.0.0:7474.
2024-10-04 20:55:54.652+0000 INFO  Remote interface available at http://localhost:7474/
2024-10-04 20:55:54.654+0000 INFO  id: DE10E6C6327B4C0CDCDDF72B85876ED5B7E7366662940978D1B3CB78632E54BE
2024-10-04 20:55:54.655+0000 INFO  name: system
2024-10-04 20:55:54.655+0000 INFO  creationDate: 2024-10-04T19:46:10.718Z
2024-10-04 20:55:54.655+0000 INFO  Started.
2024-10-04 21:00:34.436+0000 INFO  Neo4j Server shutdown initiated by request
2024-10-04 21:00:34.441+0000 INFO  Stopping...
2024-10-04 21:00:51.304+0000 INFO  Logging config in use: File '/var/lib/neo4j/conf/user-logs.xml'
2024-10-04 21:00:51.312+0000 INFO  Starting...
2024-10-04 21:00:51.813+0000 INFO  This instance is ServerId{60e0e6d5} (60e0e6d5-c4c5-4961-81c5-73c30306d7f0)
2024-10-04 21:00:52.418+0000 INFO  ======== Neo4j 5.24.1 ========
2024-10-04 21:00:53.395+0000 INFO  Anonymous Usage Data is being sent to Neo4j, see https://neo4j.com/docs/usage-data/
2024-10-04 21:00:53.416+0000 INFO  Bolt enabled on 0.0.0.0:7687.
2024-10-04 21:00:53.737+0000 INFO  HTTP enabled on 0.0.0.0:7474.
2024-10-04 21:00:53.738+0000 INFO  Remote interface available at http://localhost:7474/
2024-10-04 21:00:53.740+0000 INFO  id: DE10E6C6327B4C0CDCDDF72B85876ED5B7E7366662940978D1B3CB78632E54BE
2024-10-04 21:00:53.740+0000 INFO  name: system
2024-10-04 21:00:53.741+0000 INFO  creationDate: 2024-10-04T19:46:10.718Z
2024-10-04 21:00:53.741+0000 INFO  Started.
2024-10-04 21:01:32.008+0000 INFO  Neo4j Server shutdown initiated by request
2024-10-04 21:01:32.009+0000 INFO  Stopping...
2024-10-04 21:01:45.915+0000 INFO  Logging config in use: File '/var/lib/neo4j/conf/user-logs.xml'
2024-10-04 21:01:45.925+0000 INFO  Starting...
2024-10-04 21:01:46.425+0000 INFO  This instance is ServerId{60e0e6d5} (60e0e6d5-c4c5-4961-81c5-73c30306d7f0)
2024-10-04 21:01:47.001+0000 INFO  ======== Neo4j 5.24.1 ========
2024-10-04 21:01:47.963+0000 INFO  Anonymous Usage Data is being sent to Neo4j, see https://neo4j.com/docs/usage-data/
2024-10-04 21:01:47.986+0000 INFO  Bolt enabled on 0.0.0.0:7687.
2024-10-04 21:01:48.315+0000 INFO  HTTP enabled on 0.0.0.0:7474.
2024-10-04 21:01:48.315+0000 INFO  Remote interface available at http://localhost:7474/
2024-10-04 21:01:48.317+0000 INFO  id: DE10E6C6327B4C0CDCDDF72B85876ED5B7E7366662940978D1B3CB78632E54BE
2024-10-04 21:01:48.318+0000 INFO  name: system
2024-10-04 21:01:48.318+0000 INFO  creationDate: 2024-10-04T19:46:10.718Z
2024-10-04 21:01:48.318+0000 INFO  Started.
2024-10-04 21:11:48.280+0000 INFO  Neo4j Server shutdown initiated by request
2024-10-04 21:11:48.281+0000 INFO  Stopping...
